<?xml version="1.0" encoding="utf-8"?><testsuites name="pytest tests"><testsuite name="pytest" errors="0" failures="0" skipped="0" tests="4" time="23.117" timestamp="2026-04-09T14:08:59.652368+05:30" hostname="archlinux"><testcase classname="tests.test_blackbox_bva" name="test_bva_question_title_min_minus_one" time="5.192" /><testcase classname="tests.test_blackbox_bva" name="test_bva_question_title_min_valid" time="7.641" /><testcase classname="tests.test_blackbox_bva" name="test_bva_question_title_max_plus_one" time="5.418" /><testcase classname="tests.test_blackbox_bva" name="test_bva_max_tags_plus_one" time="4.812" /></testsuite></testsuites>