<?xml version="1.0" encoding="utf-8"?><testsuites name="pytest tests"><testsuite name="pytest" errors="0" failures="0" skipped="0" tests="3" time="10.949" timestamp="2026-04-09T14:10:24.709883+05:30" hostname="archlinux"><testcase classname="tests.test_whitebox_basis" name="test_basis_path_default_listing" time="0.928" /><testcase classname="tests.test_whitebox_basis" name="test_basis_path_search_and_status_branch" time="8.524" /><testcase classname="tests.test_whitebox_basis" name="test_basis_path_sort_most_votes_branch" time="1.395" /></testsuite></testsuites>