<?xml version="1.0" encoding="utf-8"?><testsuites name="pytest tests"><testsuite name="pytest" errors="0" failures="0" skipped="0" tests="4" time="19.007" timestamp="2026-04-09T14:09:40.127155+05:30" hostname="archlinux"><testcase classname="tests.test_blackbox_ep" name="test_ep_signup_valid_partition" time="4.176" /><testcase classname="tests.test_blackbox_ep" name="test_ep_login_invalid_partition" time="2.444" /><testcase classname="tests.test_blackbox_ep" name="test_ep_create_question_invalid_without_tag" time="4.507" /><testcase classname="tests.test_blackbox_ep" name="test_ep_create_question_valid_partition" time="7.813" /></testsuite></testsuites>