<?xml version="1.0" encoding="utf-8"?><testsuites name="pytest tests"><testsuite name="pytest" errors="0" failures="0" skipped="0" tests="11" time="127.132" timestamp="2026-04-09T14:03:59.680312+05:30" hostname="archlinux"><testcase classname="tests.test_blackbox_bva" name="test_bva_question_title_min_minus_one" time="50.524" /><testcase classname="tests.test_blackbox_bva" name="test_bva_question_title_min_valid" time="20.736" /><testcase classname="tests.test_blackbox_bva" name="test_bva_question_title_max_plus_one" time="5.499" /><testcase classname="tests.test_blackbox_bva" name="test_bva_max_tags_plus_one" time="20.096" /><testcase classname="tests.test_blackbox_ep" name="test_ep_signup_valid_partition" time="4.196" /><testcase classname="tests.test_blackbox_ep" name="test_ep_login_invalid_partition" time="2.427" /><testcase classname="tests.test_blackbox_ep" name="test_ep_create_question_invalid_without_tag" time="4.557" /><testcase classname="tests.test_blackbox_ep" name="test_ep_create_question_valid_partition" time="7.808" /><testcase classname="tests.test_whitebox_basis" name="test_basis_path_default_listing" time="1.111" /><testcase classname="tests.test_whitebox_basis" name="test_basis_path_search_and_status_branch" time="8.703" /><testcase classname="tests.test_whitebox_basis" name="test_basis_path_sort_most_votes_branch" time="1.328" /></testsuite></testsuites>